2016-03-25 14:11:06 Error: [Cake\Database\Exception] SQLSTATE[42S02]: Base table or view not found: 1146 Table 'geri.portraits' doesn't exist
Stack Trace:
#0 /var/www/html/geri/vendor/cakephp/cakephp/src/Database/Schema/Collection.php(96): Cake\Database\Schema\Collection->_reflect('Column', 'portraits', Array, Object(Cake\Database\Schema\Table))
#1 /var/www/html/geri/vendor/cakephp/cakephp/src/Database/Schema/CachedCollection.php(64): Cake\Database\Schema\Collection->describe('portraits', Array)
#2 /var/www/html/geri/vendor/cakephp/cakephp/src/ORM/Table.php(429): Cake\Database\Schema\CachedCollection->describe('portraits')
#3 /var/www/html/geri/vendor/cakephp/cakephp/src/ORM/Table.php(505): Cake\ORM\Table->schema()
#4 /var/www/html/geri/vendor/cakephp/bake/src/Shell/Task/TemplateTask.php(282): Cake\ORM\Table->primaryKey()
#5 /var/www/html/geri/vendor/cakephp/bake/src/Shell/Task/TemplateTask.php(147): Bake\Shell\Task\TemplateTask->_loadController()
#6 [internal function]: Bake\Shell\Task\TemplateTask->main('portraits')
#7 /var/www/html/geri/vendor/cakephp/cakephp/src/Console/Shell.php(456): call_user_func_array(Array, Array)
#8 /var/www/html/geri/vendor/cakephp/cakephp/src/Console/Shell.php(450): Cake\Console\Shell->runCommand(Array, false)
#9 /var/www/html/geri/vendor/cakephp/cakephp/src/Console/ShellDispatcher.php(217): Cake\Console\Shell->runCommand(Array, true, Array)
#10 /var/www/html/geri/vendor/cakephp/cakephp/src/Console/ShellDispatcher.php(181): Cake\Console\ShellDispatcher->_dispatch(Array)
#11 /var/www/html/geri/vendor/cakephp/cakephp/src/Console/ShellDispatcher.php(127): Cake\Console\ShellDispatcher->dispatch(Array)
#12 /var/www/html/geri/bin/cake.php(33): Cake\Console\ShellDispatcher::run(Array)
#13 {main}


2016-03-25 16:00:42 Error: [Cake\Database\Exception] SQLSTATE[42S02]: Base table or view not found: 1146 Table 'geri.cate_g_o_r_i_e_s' doesn't exist
Stack Trace:
#0 /var/www/html/geri/vendor/cakephp/cakephp/src/Database/Schema/Collection.php(96): Cake\Database\Schema\Collection->_reflect('Column', 'cate_g_o_r_i_e_...', Array, Object(Cake\Database\Schema\Table))
#1 /var/www/html/geri/vendor/cakephp/cakephp/src/Database/Schema/CachedCollection.php(64): Cake\Database\Schema\Collection->describe('cate_g_o_r_i_e_...', Array)
#2 /var/www/html/geri/vendor/cakephp/cakephp/src/ORM/Table.php(429): Cake\Database\Schema\CachedCollection->describe('cate_g_o_r_i_e_...')
#3 /var/www/html/geri/vendor/cakephp/cakephp/src/ORM/Table.php(505): Cake\ORM\Table->schema()
#4 /var/www/html/geri/vendor/cakephp/bake/src/Shell/Task/ModelTask.php(206): Cake\ORM\Table->primaryKey()
#5 /var/www/html/geri/vendor/cakephp/bake/src/Shell/Task/ModelTask.php(124): Bake\Shell\Task\ModelTask->getAssociations(Object(Cake\ORM\Table))
#6 /var/www/html/geri/vendor/cakephp/bake/src/Shell/Task/ModelTask.php(109): Bake\Shell\Task\ModelTask->getTableContext(Object(Cake\ORM\Table), 'cate_g_o_r_i_e_...', 'CateGORIES')
#7 /var/www/html/geri/vendor/cakephp/bake/src/Shell/Task/ModelTask.php(96): Bake\Shell\Task\ModelTask->bake('CateGORIES')
#8 /var/www/html/geri/vendor/cakephp/bake/src/Shell/BakeShell.php(250): Bake\Shell\Task\ModelTask->main('CateGORIES')
#9 /var/www/html/geri/vendor/cakephp/cakephp/src/Collection/CollectionTrait.php(51): Bake\Shell\BakeShell->Bake\Shell\{closure}('cateGORIES', 0)
#10 /var/www/html/geri/vendor/cakephp/bake/src/Shell/BakeShell.php(253): Cake\Collection\Collection->each(Object(Closure))
#11 [internal function]: Bake\Shell\BakeShell->all('cateGORIES')
#12 /var/www/html/geri/vendor/cakephp/cakephp/src/Console/Shell.php(444): call_user_func_array(Array, Array)
#13 /var/www/html/geri/vendor/cakephp/cakephp/src/Console/ShellDispatcher.php(217): Cake\Console\Shell->runCommand(Array, true, Array)
#14 /var/www/html/geri/vendor/cakephp/cakephp/src/Console/ShellDispatcher.php(181): Cake\Console\ShellDispatcher->_dispatch(Array)
#15 /var/www/html/geri/vendor/cakephp/cakephp/src/Console/ShellDispatcher.php(127): Cake\Console\ShellDispatcher->dispatch(Array)
#16 /var/www/html/geri/bin/cake.php(33): Cake\Console\ShellDispatcher::run(Array)
#17 {main}


2016-03-25 16:01:25 Error: [Cake\Database\Exception] SQLSTATE[42S02]: Base table or view not found: 1146 Table 'geri.pictures' doesn't exist
Stack Trace:
#0 /var/www/html/geri/vendor/cakephp/cakephp/src/Database/Schema/Collection.php(96): Cake\Database\Schema\Collection->_reflect('Column', 'pictures', Array, Object(Cake\Database\Schema\Table))
#1 /var/www/html/geri/vendor/cakephp/cakephp/src/Database/Schema/CachedCollection.php(64): Cake\Database\Schema\Collection->describe('pictures', Array)
#2 /var/www/html/geri/vendor/cakephp/cakephp/src/ORM/Table.php(429): Cake\Database\Schema\CachedCollection->describe('pictures')
#3 /var/www/html/geri/vendor/cakephp/cakephp/src/ORM/Table.php(505): Cake\ORM\Table->schema()
#4 /var/www/html/geri/vendor/cakephp/bake/src/Shell/Task/ModelTask.php(206): Cake\ORM\Table->primaryKey()
#5 /var/www/html/geri/vendor/cakephp/bake/src/Shell/Task/ModelTask.php(124): Bake\Shell\Task\ModelTask->getAssociations(Object(Cake\ORM\Table))
#6 /var/www/html/geri/vendor/cakephp/bake/src/Shell/Task/ModelTask.php(109): Bake\Shell\Task\ModelTask->getTableContext(Object(Cake\ORM\Table), 'pictures', 'Pictures')
#7 /var/www/html/geri/vendor/cakephp/bake/src/Shell/Task/ModelTask.php(96): Bake\Shell\Task\ModelTask->bake('Pictures')
#8 /var/www/html/geri/vendor/cakephp/bake/src/Shell/BakeShell.php(250): Bake\Shell\Task\ModelTask->main('Pictures')
#9 /var/www/html/geri/vendor/cakephp/cakephp/src/Collection/CollectionTrait.php(51): Bake\Shell\BakeShell->Bake\Shell\{closure}('pictures', 0)
#10 /var/www/html/geri/vendor/cakephp/bake/src/Shell/BakeShell.php(253): Cake\Collection\Collection->each(Object(Closure))
#11 [internal function]: Bake\Shell\BakeShell->all('pictures')
#12 /var/www/html/geri/vendor/cakephp/cakephp/src/Console/Shell.php(444): call_user_func_array(Array, Array)
#13 /var/www/html/geri/vendor/cakephp/cakephp/src/Console/ShellDispatcher.php(217): Cake\Console\Shell->runCommand(Array, true, Array)
#14 /var/www/html/geri/vendor/cakephp/cakephp/src/Console/ShellDispatcher.php(181): Cake\Console\ShellDispatcher->_dispatch(Array)
#15 /var/www/html/geri/vendor/cakephp/cakephp/src/Console/ShellDispatcher.php(127): Cake\Console\ShellDispatcher->dispatch(Array)
#16 /var/www/html/geri/bin/cake.php(33): Cake\Console\ShellDispatcher::run(Array)
#17 {main}


