2016-04-19 11:47:43 Warning: Missing configuration file: "config/permissions.php". Using default permissions
2016-04-19 11:47:46 Warning: Missing configuration file: "config/permissions.php". Using default permissions
2016-04-19 11:48:01 Warning: Missing configuration file: "config/permissions.php". Using default permissions
2016-04-19 11:48:01 Warning: Warning (2): file_put_contents(/var/www/html/geri/webroot/img/thumbnails/flights.png): failed to open stream: No such file or directory in [/var/www/danielpenkov.eu/html/geri/plugins/Admin/src/Controller/PicturesController.php, line 71]
Request URL: /geri/admin/pictures/add
Referer URL: http://danielpenkov.eu/geri/admin/pictures/add
Client IP: 62.44.134.245
Trace:
Cake\Error\BaseErrorHandler::handleError() - CORE/src/Error/BaseErrorHandler.php, line 146
file_put_contents - [internal], line ??
Admin\Controller\PicturesController::add() - ROOT/plugins/Admin/src/Controller/PicturesController.php, line 71
Cake\Controller\Controller::invokeAction() - CORE/src/Controller/Controller.php, line 429
Cake\Routing\Dispatcher::_invoke() - CORE/src/Routing/Dispatcher.php, line 114
Cake\Routing\Dispatcher::dispatch() - CORE/src/Routing/Dispatcher.php, line 87
[main] - ROOT/webroot/index.php, line 36



2016-04-19 11:48:01 Warning: Missing configuration file: "config/permissions.php". Using default permissions
2016-04-19 11:48:07 Warning: Missing configuration file: "config/permissions.php". Using default permissions
2016-04-19 11:48:12 Warning: Missing configuration file: "config/permissions.php". Using default permissions
2016-04-19 11:48:18 Warning: Missing configuration file: "config/permissions.php". Using default permissions
2016-04-19 11:48:18 Error: [Cake\Routing\Exception\MissingControllerException] Controller class Img could not be found.
Request URL: /geri/img/thumbnails/skinflick.jpg
Referer URL: http://danielpenkov.eu/geri/admin/sessions/view/39
Client IP: 62.44.134.245
Stack Trace:
#0 /var/www/danielpenkov.eu/html/geri/webroot/index.php(36): Cake\Routing\Dispatcher->dispatch(Object(Cake\Network\Request), Object(Cake\Network\Response))
#1 {main}


2016-04-19 11:48:19 Error: [Cake\Routing\Exception\MissingControllerException] Controller class Img could not be found.
Request URL: /geri/img/thumbnails/flights.png
Referer URL: http://danielpenkov.eu/geri/admin/sessions/view/39
Client IP: 62.44.134.245
Stack Trace:
#0 /var/www/danielpenkov.eu/html/geri/webroot/index.php(36): Cake\Routing\Dispatcher->dispatch(Object(Cake\Network\Request), Object(Cake\Network\Response))
#1 {main}


2016-04-19 11:48:29 Warning: Missing configuration file: "config/permissions.php". Using default permissions
2016-04-19 11:48:29 Warning: Missing configuration file: "config/permissions.php". Using default permissions
2016-04-19 11:51:56 Warning: Missing configuration file: "config/permissions.php". Using default permissions
2016-04-19 11:51:58 Warning: Missing configuration file: "config/permissions.php". Using default permissions
2016-04-19 11:52:01 Warning: Missing configuration file: "config/permissions.php". Using default permissions
2016-04-19 11:52:04 Warning: Missing configuration file: "config/permissions.php". Using default permissions
2016-04-19 11:52:08 Warning: Missing configuration file: "config/permissions.php". Using default permissions
2016-04-19 11:52:09 Error: [Cake\Routing\Exception\MissingControllerException] Controller class Img could not be found.
Request URL: /geri/img/thumbnails/flights.png
Referer URL: http://danielpenkov.eu/geri/admin/sessions/view/39
Client IP: 62.44.134.245
Stack Trace:
#0 /var/www/danielpenkov.eu/html/geri/webroot/index.php(36): Cake\Routing\Dispatcher->dispatch(Object(Cake\Network\Request), Object(Cake\Network\Response))
#1 {main}


2016-04-19 11:52:12 Warning: Missing configuration file: "config/permissions.php". Using default permissions
2016-04-19 11:52:12 Warning: Missing configuration file: "config/permissions.php". Using default permissions
2016-04-19 11:52:14 Warning: Missing configuration file: "config/permissions.php". Using default permissions
2016-04-19 11:52:44 Warning: Missing configuration file: "config/permissions.php". Using default permissions
2016-04-19 11:52:44 Warning: Warning (2): file_put_contents(/var/www/html/geri/webroot/img/thumbnails/skinflick.jpg): failed to open stream: No such file or directory in [/var/www/danielpenkov.eu/html/geri/plugins/Admin/src/Controller/PicturesController.php, line 71]
Request URL: /geri/admin/pictures/add
Referer URL: http://danielpenkov.eu/geri/admin/pictures/add
Client IP: 62.44.134.245
Trace:
Cake\Error\BaseErrorHandler::handleError() - CORE/src/Error/BaseErrorHandler.php, line 146
file_put_contents - [internal], line ??
Admin\Controller\PicturesController::add() - ROOT/plugins/Admin/src/Controller/PicturesController.php, line 71
Cake\Controller\Controller::invokeAction() - CORE/src/Controller/Controller.php, line 429
Cake\Routing\Dispatcher::_invoke() - CORE/src/Routing/Dispatcher.php, line 114
Cake\Routing\Dispatcher::dispatch() - CORE/src/Routing/Dispatcher.php, line 87
[main] - ROOT/webroot/index.php, line 36



2016-04-19 11:52:44 Warning: Missing configuration file: "config/permissions.php". Using default permissions
2016-04-19 11:53:11 Warning: Missing configuration file: "config/permissions.php". Using default permissions
2016-04-19 11:53:14 Warning: Missing configuration file: "config/permissions.php". Using default permissions
2016-04-19 11:53:18 Warning: Missing configuration file: "config/permissions.php". Using default permissions
2016-04-19 11:53:18 Error: [Cake\Routing\Exception\MissingControllerException] Controller class Img could not be found.
Request URL: /geri/img/thumbnails/skinflick.jpg
Referer URL: http://danielpenkov.eu/geri/admin/sessions/view/39
Client IP: 62.44.134.245
Stack Trace:
#0 /var/www/danielpenkov.eu/html/geri/webroot/index.php(36): Cake\Routing\Dispatcher->dispatch(Object(Cake\Network\Request), Object(Cake\Network\Response))
#1 {main}


2016-04-19 11:53:23 Warning: Missing configuration file: "config/permissions.php". Using default permissions
2016-04-19 11:53:23 Error: [Cake\Routing\Exception\MissingControllerException] Controller class Img could not be found.
Request URL: /geri/img/thumbnails/skinflick.jpg
Referer URL: http://danielpenkov.eu/geri/admin/pictures/view/345
Client IP: 62.44.134.245
Stack Trace:
#0 /var/www/danielpenkov.eu/html/geri/webroot/index.php(36): Cake\Routing\Dispatcher->dispatch(Object(Cake\Network\Request), Object(Cake\Network\Response))
#1 {main}


2016-04-19 11:53:30 Warning: Missing configuration file: "config/permissions.php". Using default permissions
2016-04-19 11:53:30 Error: [Cake\Routing\Exception\MissingControllerException] Controller class Img could not be found.
Request URL: /geri/img/thumbnails/skinflick.jpg
Referer URL: http://danielpenkov.eu/geri/admin/sessions/view/39
Client IP: 62.44.134.245
Stack Trace:
#0 /var/www/danielpenkov.eu/html/geri/webroot/index.php(36): Cake\Routing\Dispatcher->dispatch(Object(Cake\Network\Request), Object(Cake\Network\Response))
#1 {main}


2016-04-19 11:53:33 Warning: Missing configuration file: "config/permissions.php". Using default permissions
2016-04-19 16:45:06 Warning: Missing configuration file: "config/permissions.php". Using default permissions
2016-04-19 16:45:10 Warning: Missing configuration file: "config/permissions.php". Using default permissions
2016-04-19 16:45:30 Warning: Missing configuration file: "config/permissions.php". Using default permissions
2016-04-19 16:45:30 Warning: Missing configuration file: "config/permissions.php". Using default permissions
2016-04-19 16:45:35 Warning: Missing configuration file: "config/permissions.php". Using default permissions
2016-04-19 16:45:38 Warning: Missing configuration file: "config/permissions.php". Using default permissions
2016-04-19 16:45:41 Warning: Missing configuration file: "config/permissions.php". Using default permissions
2016-04-19 16:45:51 Warning: Missing configuration file: "config/permissions.php". Using default permissions
2016-04-19 16:45:51 Warning: Missing configuration file: "config/permissions.php". Using default permissions
2016-04-19 16:45:54 Warning: Missing configuration file: "config/permissions.php". Using default permissions
2016-04-19 16:45:58 Warning: Missing configuration file: "config/permissions.php". Using default permissions
2016-04-19 16:46:02 Warning: Missing configuration file: "config/permissions.php". Using default permissions
2016-04-19 16:46:06 Warning: Missing configuration file: "config/permissions.php". Using default permissions
2016-04-19 16:46:07 Warning: Missing configuration file: "config/permissions.php". Using default permissions
2016-04-19 16:46:38 Warning: Missing configuration file: "config/permissions.php". Using default permissions
2016-04-19 16:46:40 Warning: Missing configuration file: "config/permissions.php". Using default permissions
2016-04-19 16:47:18 Warning: Missing configuration file: "config/permissions.php". Using default permissions
2016-04-19 16:47:21 Warning: Missing configuration file: "config/permissions.php". Using default permissions
2016-04-19 16:47:32 Warning: Missing configuration file: "config/permissions.php". Using default permissions
2016-04-19 16:47:32 Warning: Missing configuration file: "config/permissions.php". Using default permissions
2016-04-19 17:21:05 Warning: Missing configuration file: "config/permissions.php". Using default permissions
2016-04-19 17:21:07 Warning: Missing configuration file: "config/permissions.php". Using default permissions
2016-04-19 17:21:22 Warning: Missing configuration file: "config/permissions.php". Using default permissions
2016-04-19 17:21:23 Warning: Missing configuration file: "config/permissions.php". Using default permissions
2016-04-19 17:21:25 Warning: Missing configuration file: "config/permissions.php". Using default permissions
2016-04-19 17:21:26 Warning: Missing configuration file: "config/permissions.php". Using default permissions
2016-04-19 17:21:27 Warning: Missing configuration file: "config/permissions.php". Using default permissions
2016-04-19 17:23:34 Warning: Missing configuration file: "config/permissions.php". Using default permissions
2016-04-19 17:24:48 Warning: Missing configuration file: "config/permissions.php". Using default permissions
2016-04-19 17:24:51 Warning: Missing configuration file: "config/permissions.php". Using default permissions
2016-04-19 17:24:52 Warning: Missing configuration file: "config/permissions.php". Using default permissions
2016-04-19 17:26:32 Warning: Missing configuration file: "config/permissions.php". Using default permissions
2016-04-19 17:28:06 Warning: Missing configuration file: "config/permissions.php". Using default permissions
2016-04-19 17:28:42 Warning: Missing configuration file: "config/permissions.php". Using default permissions
2016-04-19 17:28:42 Warning: Missing configuration file: "config/permissions.php". Using default permissions
2016-04-19 17:28:48 Warning: Missing configuration file: "config/permissions.php". Using default permissions
2016-04-19 17:28:51 Warning: Missing configuration file: "config/permissions.php". Using default permissions
2016-04-19 17:28:57 Warning: Missing configuration file: "config/permissions.php". Using default permissions
2016-04-19 17:28:59 Warning: Missing configuration file: "config/permissions.php". Using default permissions
2016-04-19 17:29:01 Warning: Missing configuration file: "config/permissions.php". Using default permissions
2016-04-19 17:29:03 Warning: Missing configuration file: "config/permissions.php". Using default permissions
2016-04-19 17:29:08 Warning: Missing configuration file: "config/permissions.php". Using default permissions
2016-04-19 17:29:08 Warning: Missing configuration file: "config/permissions.php". Using default permissions
2016-04-19 17:31:23 Warning: Missing configuration file: "config/permissions.php". Using default permissions
2016-04-19 17:31:33 Warning: Missing configuration file: "config/permissions.php". Using default permissions
2016-04-19 17:31:33 Warning: Missing configuration file: "config/permissions.php". Using default permissions
2016-04-19 17:31:38 Warning: Missing configuration file: "config/permissions.php". Using default permissions
2016-04-19 17:31:40 Warning: Missing configuration file: "config/permissions.php". Using default permissions
2016-04-19 17:31:42 Warning: Missing configuration file: "config/permissions.php". Using default permissions
2016-04-19 17:31:45 Warning: Missing configuration file: "config/permissions.php". Using default permissions
2016-04-19 17:31:50 Warning: Missing configuration file: "config/permissions.php". Using default permissions
2016-04-19 17:31:50 Warning: Missing configuration file: "config/permissions.php". Using default permissions
2016-04-19 17:35:10 Warning: Missing configuration file: "config/permissions.php". Using default permissions
2016-04-19 17:35:13 Warning: Missing configuration file: "config/permissions.php". Using default permissions
2016-04-19 17:35:39 Warning: Missing configuration file: "config/permissions.php". Using default permissions
2016-04-19 17:35:54 Warning: Missing configuration file: "config/permissions.php". Using default permissions
2016-04-19 17:35:54 Warning: Missing configuration file: "config/permissions.php". Using default permissions
2016-04-19 17:36:33 Warning: Missing configuration file: "config/permissions.php". Using default permissions
2016-04-19 17:36:33 Warning: Missing configuration file: "config/permissions.php". Using default permissions
2016-04-19 17:36:33 Warning: Missing configuration file: "config/permissions.php". Using default permissions
2016-04-19 17:36:52 Warning: Missing configuration file: "config/permissions.php". Using default permissions
2016-04-19 17:36:58 Warning: Missing configuration file: "config/permissions.php". Using default permissions
2016-04-19 17:37:01 Warning: Missing configuration file: "config/permissions.php". Using default permissions
2016-04-19 17:37:02 Warning: Missing configuration file: "config/permissions.php". Using default permissions
2016-04-19 17:37:37 Warning: Missing configuration file: "config/permissions.php". Using default permissions
2016-04-19 17:37:39 Warning: Missing configuration file: "config/permissions.php". Using default permissions
2016-04-19 17:37:55 Warning: Missing configuration file: "config/permissions.php". Using default permissions
2016-04-19 17:38:42 Warning: Missing configuration file: "config/permissions.php". Using default permissions
2016-04-19 17:38:47 Warning: Missing configuration file: "config/permissions.php". Using default permissions
2016-04-19 17:38:49 Warning: Missing configuration file: "config/permissions.php". Using default permissions
2016-04-19 17:39:00 Warning: Missing configuration file: "config/permissions.php". Using default permissions
2016-04-19 17:39:02 Warning: Missing configuration file: "config/permissions.php". Using default permissions
2016-04-19 17:39:04 Warning: Missing configuration file: "config/permissions.php". Using default permissions
2016-04-19 17:39:29 Warning: Missing configuration file: "config/permissions.php". Using default permissions
2016-04-19 17:39:42 Warning: Missing configuration file: "config/permissions.php". Using default permissions
2016-04-19 17:40:27 Warning: Missing configuration file: "config/permissions.php". Using default permissions
2016-04-19 17:40:52 Warning: Missing configuration file: "config/permissions.php". Using default permissions
2016-04-19 17:40:55 Warning: Missing configuration file: "config/permissions.php". Using default permissions
2016-04-19 17:40:56 Warning: Missing configuration file: "config/permissions.php". Using default permissions
2016-04-19 17:40:57 Warning: Missing configuration file: "config/permissions.php". Using default permissions
2016-04-19 17:40:58 Warning: Missing configuration file: "config/permissions.php". Using default permissions
2016-04-19 17:40:59 Warning: Missing configuration file: "config/permissions.php". Using default permissions
2016-04-19 17:40:59 Warning: Missing configuration file: "config/permissions.php". Using default permissions
2016-04-19 17:41:01 Error: [Cake\Routing\Exception\MissingControllerException] Controller class Projects could not be found.
Request URL: /geri/admin/projects
Referer URL: http://danielpenkov.eu/geri/admin/categories
Client IP: 77.68.246.71
Stack Trace:
#0 /var/www/danielpenkov.eu/html/geri/webroot/index.php(36): Cake\Routing\Dispatcher->dispatch(Object(Cake\Network\Request), Object(Cake\Network\Response))
#1 {main}


2016-04-19 17:41:01 Error: [Cake\Routing\Exception\MissingControllerException] Controller class Css could not be found.
Request URL: /geri/css/base.css
Referer URL: http://danielpenkov.eu/geri/admin/projects
Client IP: 77.68.246.71
Stack Trace:
#0 /var/www/danielpenkov.eu/html/geri/webroot/index.php(36): Cake\Routing\Dispatcher->dispatch(Object(Cake\Network\Request), Object(Cake\Network\Response))
#1 {main}


2016-04-19 17:41:01 Error: [Cake\Routing\Exception\MissingControllerException] Controller class Css could not be found.
Request URL: /geri/css/cake.css
Referer URL: http://danielpenkov.eu/geri/admin/projects
Client IP: 77.68.246.71
Stack Trace:
#0 /var/www/danielpenkov.eu/html/geri/webroot/index.php(36): Cake\Routing\Dispatcher->dispatch(Object(Cake\Network\Request), Object(Cake\Network\Response))
#1 {main}


2016-04-19 17:41:04 Warning: Missing configuration file: "config/permissions.php". Using default permissions
2016-04-19 17:41:06 Warning: Missing configuration file: "config/permissions.php". Using default permissions
2016-04-19 17:41:08 Warning: Missing configuration file: "config/permissions.php". Using default permissions
2016-04-19 17:41:09 Warning: Missing configuration file: "config/permissions.php". Using default permissions
2016-04-19 17:41:40 Warning: Missing configuration file: "config/permissions.php". Using default permissions
2016-04-19 17:41:52 Warning: Missing configuration file: "config/permissions.php". Using default permissions
2016-04-19 17:41:52 Warning: Missing configuration file: "config/permissions.php". Using default permissions
2016-04-19 17:41:59 Warning: Missing configuration file: "config/permissions.php". Using default permissions
2016-04-19 17:42:10 Warning: Missing configuration file: "config/permissions.php". Using default permissions
2016-04-19 17:42:10 Warning: Missing configuration file: "config/permissions.php". Using default permissions
2016-04-19 17:42:13 Warning: Missing configuration file: "config/permissions.php". Using default permissions
2016-04-19 17:42:14 Warning: Missing configuration file: "config/permissions.php". Using default permissions
2016-04-19 17:47:52 Warning: Missing configuration file: "config/permissions.php". Using default permissions
2016-04-19 17:47:54 Warning: Missing configuration file: "config/permissions.php". Using default permissions
2016-04-19 17:53:12 Warning: Missing configuration file: "config/permissions.php". Using default permissions
2016-04-19 17:53:20 Warning: Missing configuration file: "config/permissions.php". Using default permissions
2016-04-19 17:53:21 Warning: Missing configuration file: "config/permissions.php". Using default permissions
2016-04-19 17:53:22 Warning: Missing configuration file: "config/permissions.php". Using default permissions
2016-04-19 17:53:23 Warning: Missing configuration file: "config/permissions.php". Using default permissions
2016-04-19 17:53:23 Warning: Missing configuration file: "config/permissions.php". Using default permissions
2016-04-19 17:53:24 Warning: Missing configuration file: "config/permissions.php". Using default permissions
2016-04-19 17:53:25 Warning: Missing configuration file: "config/permissions.php". Using default permissions
2016-04-19 17:53:26 Warning: Missing configuration file: "config/permissions.php". Using default permissions
2016-04-19 17:53:26 Warning: Missing configuration file: "config/permissions.php". Using default permissions
2016-04-19 17:53:27 Warning: Missing configuration file: "config/permissions.php". Using default permissions
2016-04-19 17:53:27 Warning: Missing configuration file: "config/permissions.php". Using default permissions
2016-04-19 17:53:29 Warning: Missing configuration file: "config/permissions.php". Using default permissions
2016-04-19 17:53:30 Warning: Missing configuration file: "config/permissions.php". Using default permissions
2016-04-19 17:53:30 Warning: Missing configuration file: "config/permissions.php". Using default permissions
2016-04-19 17:53:30 Warning: Missing configuration file: "config/permissions.php". Using default permissions
2016-04-19 17:53:30 Warning: Missing configuration file: "config/permissions.php". Using default permissions
2016-04-19 17:53:37 Warning: Missing configuration file: "config/permissions.php". Using default permissions
2016-04-19 17:54:04 Warning: Missing configuration file: "config/permissions.php". Using default permissions
2016-04-19 17:54:07 Warning: Missing configuration file: "config/permissions.php". Using default permissions
2016-04-19 17:54:11 Warning: Missing configuration file: "config/permissions.php". Using default permissions
2016-04-19 17:54:14 Warning: Missing configuration file: "config/permissions.php". Using default permissions
2016-04-19 17:54:15 Warning: Missing configuration file: "config/permissions.php". Using default permissions
2016-04-19 17:54:17 Warning: Missing configuration file: "config/permissions.php". Using default permissions
2016-04-19 17:54:22 Warning: Missing configuration file: "config/permissions.php". Using default permissions
2016-04-19 17:54:22 Warning: Missing configuration file: "config/permissions.php". Using default permissions
2016-04-19 17:54:29 Warning: Missing configuration file: "config/permissions.php". Using default permissions
2016-04-19 17:54:32 Warning: Missing configuration file: "config/permissions.php". Using default permissions
2016-04-19 17:54:34 Warning: Missing configuration file: "config/permissions.php". Using default permissions
2016-04-19 17:54:37 Warning: Missing configuration file: "config/permissions.php". Using default permissions
2016-04-19 17:54:46 Warning: Missing configuration file: "config/permissions.php". Using default permissions
2016-04-19 17:54:46 Warning: Missing configuration file: "config/permissions.php". Using default permissions
2016-04-19 17:54:56 Warning: Missing configuration file: "config/permissions.php". Using default permissions
2016-04-19 17:54:56 Warning: Missing configuration file: "config/permissions.php". Using default permissions
2016-04-19 17:54:58 Warning: Missing configuration file: "config/permissions.php". Using default permissions
2016-04-19 17:55:04 Warning: Missing configuration file: "config/permissions.php". Using default permissions
2016-04-19 17:55:06 Warning: Missing configuration file: "config/permissions.php". Using default permissions
2016-04-19 17:55:08 Warning: Missing configuration file: "config/permissions.php". Using default permissions
2016-04-19 17:55:11 Warning: Missing configuration file: "config/permissions.php". Using default permissions
2016-04-19 17:55:15 Warning: Missing configuration file: "config/permissions.php". Using default permissions
2016-04-19 17:55:19 Warning: Missing configuration file: "config/permissions.php". Using default permissions
2016-04-19 17:55:54 Warning: Missing configuration file: "config/permissions.php". Using default permissions
2016-04-19 17:55:54 Warning: Missing configuration file: "config/permissions.php". Using default permissions
2016-04-19 17:58:55 Warning: Missing configuration file: "config/permissions.php". Using default permissions
2016-04-19 17:59:15 Warning: Missing configuration file: "config/permissions.php". Using default permissions
2016-04-19 17:59:18 Warning: Missing configuration file: "config/permissions.php". Using default permissions
2016-04-19 17:59:22 Warning: Missing configuration file: "config/permissions.php". Using default permissions
2016-04-19 18:02:52 Warning: Missing configuration file: "config/permissions.php". Using default permissions
2016-04-19 18:02:55 Warning: Missing configuration file: "config/permissions.php". Using default permissions
2016-04-19 18:02:58 Warning: Missing configuration file: "config/permissions.php". Using default permissions
2016-04-19 18:02:59 Warning: Missing configuration file: "config/permissions.php". Using default permissions
2016-04-19 18:15:04 Warning: Missing configuration file: "config/permissions.php". Using default permissions
2016-04-19 18:15:06 Warning: Missing configuration file: "config/permissions.php". Using default permissions
2016-04-19 18:15:14 Warning: Missing configuration file: "config/permissions.php". Using default permissions
2016-04-19 18:15:14 Warning: Missing configuration file: "config/permissions.php". Using default permissions
2016-04-19 18:15:16 Warning: Missing configuration file: "config/permissions.php". Using default permissions
2016-04-19 18:15:19 Warning: Missing configuration file: "config/permissions.php". Using default permissions
2016-04-19 18:15:21 Warning: Missing configuration file: "config/permissions.php". Using default permissions
2016-04-19 18:15:22 Warning: Missing configuration file: "config/permissions.php". Using default permissions
2016-04-19 18:15:25 Warning: Missing configuration file: "config/permissions.php". Using default permissions
2016-04-19 18:15:31 Warning: Missing configuration file: "config/permissions.php". Using default permissions
2016-04-19 18:15:31 Warning: Missing configuration file: "config/permissions.php". Using default permissions
2016-04-19 18:15:34 Warning: Missing configuration file: "config/permissions.php". Using default permissions
2016-04-19 18:15:36 Warning: Missing configuration file: "config/permissions.php". Using default permissions
2016-04-19 18:15:39 Warning: Missing configuration file: "config/permissions.php". Using default permissions
2016-04-19 18:15:41 Warning: Missing configuration file: "config/permissions.php". Using default permissions
2016-04-19 18:15:42 Warning: Missing configuration file: "config/permissions.php". Using default permissions
2016-04-19 18:15:45 Warning: Missing configuration file: "config/permissions.php". Using default permissions
2016-04-19 18:15:49 Warning: Missing configuration file: "config/permissions.php". Using default permissions
2016-04-19 18:16:07 Warning: Missing configuration file: "config/permissions.php". Using default permissions
2016-04-19 18:16:08 Warning: Missing configuration file: "config/permissions.php". Using default permissions
2016-04-19 18:16:15 Warning: Missing configuration file: "config/permissions.php". Using default permissions
2016-04-19 18:16:15 Warning: Missing configuration file: "config/permissions.php". Using default permissions
2016-04-19 18:16:48 Warning: Missing configuration file: "config/permissions.php". Using default permissions
2016-04-19 18:16:50 Warning: Missing configuration file: "config/permissions.php". Using default permissions
2016-04-19 18:16:54 Warning: Missing configuration file: "config/permissions.php". Using default permissions
2016-04-19 18:16:54 Warning: Missing configuration file: "config/permissions.php". Using default permissions
2016-04-19 18:16:56 Warning: Missing configuration file: "config/permissions.php". Using default permissions
2016-04-19 18:17:03 Warning: Missing configuration file: "config/permissions.php". Using default permissions
2016-04-19 18:17:09 Warning: Missing configuration file: "config/permissions.php". Using default permissions
2016-04-19 18:17:09 Warning: Missing configuration file: "config/permissions.php". Using default permissions
2016-04-19 18:17:10 Warning: Missing configuration file: "config/permissions.php". Using default permissions
2016-04-19 18:17:16 Warning: Missing configuration file: "config/permissions.php". Using default permissions
2016-04-19 18:17:16 Warning: Missing configuration file: "config/permissions.php". Using default permissions
2016-04-19 18:17:17 Warning: Missing configuration file: "config/permissions.php". Using default permissions
2016-04-19 18:17:22 Warning: Missing configuration file: "config/permissions.php". Using default permissions
2016-04-19 18:17:22 Warning: Missing configuration file: "config/permissions.php". Using default permissions
2016-04-19 18:17:23 Warning: Missing configuration file: "config/permissions.php". Using default permissions
2016-04-19 18:17:28 Warning: Missing configuration file: "config/permissions.php". Using default permissions
2016-04-19 18:17:28 Warning: Missing configuration file: "config/permissions.php". Using default permissions
2016-04-19 18:17:29 Warning: Missing configuration file: "config/permissions.php". Using default permissions
2016-04-19 18:17:34 Warning: Missing configuration file: "config/permissions.php". Using default permissions
2016-04-19 18:17:34 Warning: Missing configuration file: "config/permissions.php". Using default permissions
2016-04-19 18:17:35 Warning: Missing configuration file: "config/permissions.php". Using default permissions
2016-04-19 18:17:41 Warning: Missing configuration file: "config/permissions.php". Using default permissions
2016-04-19 18:17:41 Warning: Missing configuration file: "config/permissions.php". Using default permissions
2016-04-19 18:17:42 Warning: Missing configuration file: "config/permissions.php". Using default permissions
2016-04-19 18:17:48 Warning: Missing configuration file: "config/permissions.php". Using default permissions
2016-04-19 18:17:48 Warning: Missing configuration file: "config/permissions.php". Using default permissions
2016-04-19 18:17:49 Warning: Missing configuration file: "config/permissions.php". Using default permissions
2016-04-19 18:17:54 Warning: Missing configuration file: "config/permissions.php". Using default permissions
2016-04-19 18:17:54 Warning: Missing configuration file: "config/permissions.php". Using default permissions
2016-04-19 18:17:55 Warning: Missing configuration file: "config/permissions.php". Using default permissions
2016-04-19 18:18:00 Warning: Missing configuration file: "config/permissions.php". Using default permissions
2016-04-19 18:18:00 Warning: Missing configuration file: "config/permissions.php". Using default permissions
2016-04-19 18:18:01 Warning: Missing configuration file: "config/permissions.php". Using default permissions
2016-04-19 18:18:07 Warning: Missing configuration file: "config/permissions.php". Using default permissions
2016-04-19 18:18:07 Warning: Missing configuration file: "config/permissions.php". Using default permissions
2016-04-19 18:18:10 Warning: Missing configuration file: "config/permissions.php". Using default permissions
2016-04-19 18:18:16 Warning: Missing configuration file: "config/permissions.php". Using default permissions
2016-04-19 18:18:16 Warning: Missing configuration file: "config/permissions.php". Using default permissions
2016-04-19 18:23:28 Error: [Cake\Routing\Exception\MissingControllerException] Controller class Admn could not be found.
Request URL: /geri/admn
Client IP: 77.68.246.71
Stack Trace:
#0 /var/www/danielpenkov.eu/html/geri/webroot/index.php(36): Cake\Routing\Dispatcher->dispatch(Object(Cake\Network\Request), Object(Cake\Network\Response))
#1 {main}


2016-04-19 18:23:28 Error: [Cake\Routing\Exception\MissingControllerException] Controller class Css could not be found.
Request URL: /geri/css/base.css
Referer URL: http://danielpenkov.eu/geri/admn
Client IP: 77.68.246.71
Stack Trace:
#0 /var/www/danielpenkov.eu/html/geri/webroot/index.php(36): Cake\Routing\Dispatcher->dispatch(Object(Cake\Network\Request), Object(Cake\Network\Response))
#1 {main}


2016-04-19 18:23:28 Error: [Cake\Routing\Exception\MissingControllerException] Controller class Css could not be found.
Request URL: /geri/css/cake.css
Referer URL: http://danielpenkov.eu/geri/admn
Client IP: 77.68.246.71
Stack Trace:
#0 /var/www/danielpenkov.eu/html/geri/webroot/index.php(36): Cake\Routing\Dispatcher->dispatch(Object(Cake\Network\Request), Object(Cake\Network\Response))
#1 {main}


2016-04-19 18:23:40 Warning: Missing configuration file: "config/permissions.php". Using default permissions
2016-04-19 18:23:44 Warning: Missing configuration file: "config/permissions.php". Using default permissions
2016-04-19 18:23:47 Warning: Missing configuration file: "config/permissions.php". Using default permissions
2016-04-19 18:23:48 Warning: Missing configuration file: "config/permissions.php". Using default permissions
2016-04-19 18:23:50 Warning: Missing configuration file: "config/permissions.php". Using default permissions
2016-04-19 18:46:04 Error: [Cake\Routing\Exception\MissingControllerException] Controller class Img could not be found.
Request URL: /geri/img/
Referer URL: http://danielpenkov.eu/geri/projects
Client IP: 77.68.246.71
Stack Trace:
#0 /var/www/danielpenkov.eu/html/geri/webroot/index.php(36): Cake\Routing\Dispatcher->dispatch(Object(Cake\Network\Request), Object(Cake\Network\Response))
#1 {main}


2016-04-19 20:15:40 Error: [Cake\Routing\Exception\MissingControllerException] Controller class Img could not be found.
Request URL: /geri/img/
Referer URL: http://danielpenkov.eu/geri/projects
Client IP: 77.68.246.71
Stack Trace:
#0 /var/www/danielpenkov.eu/html/geri/webroot/index.php(36): Cake\Routing\Dispatcher->dispatch(Object(Cake\Network\Request), Object(Cake\Network\Response))
#1 {main}


2016-04-19 20:16:28 Error: [Cake\Routing\Exception\MissingControllerException] Controller class Img could not be found.
Request URL: /geri/img/
Referer URL: http://danielpenkov.eu/geri/projects
Client IP: 77.68.246.71
Stack Trace:
#0 /var/www/danielpenkov.eu/html/geri/webroot/index.php(36): Cake\Routing\Dispatcher->dispatch(Object(Cake\Network\Request), Object(Cake\Network\Response))
#1 {main}


2016-04-19 20:16:29 Error: [Cake\Routing\Exception\MissingControllerException] Controller class Img could not be found.
Request URL: /geri/img/
Referer URL: http://danielpenkov.eu/geri/projects
Client IP: 77.68.246.71
Stack Trace:
#0 /var/www/danielpenkov.eu/html/geri/webroot/index.php(36): Cake\Routing\Dispatcher->dispatch(Object(Cake\Network\Request), Object(Cake\Network\Response))
#1 {main}


2016-04-19 20:23:49 Error: [Cake\Routing\Exception\MissingControllerException] Controller class Img could not be found.
Request URL: /geri/img/
Referer URL: http://danielpenkov.eu/geri/projects
Client IP: 77.68.246.71
Stack Trace:
#0 /var/www/danielpenkov.eu/html/geri/webroot/index.php(36): Cake\Routing\Dispatcher->dispatch(Object(Cake\Network\Request), Object(Cake\Network\Response))
#1 {main}


2016-04-19 20:23:49 Error: [Cake\Routing\Exception\MissingControllerException] Controller class Img could not be found.
Request URL: /geri/img/
Referer URL: http://danielpenkov.eu/geri/projects
Client IP: 77.68.246.71
Stack Trace:
#0 /var/www/danielpenkov.eu/html/geri/webroot/index.php(36): Cake\Routing\Dispatcher->dispatch(Object(Cake\Network\Request), Object(Cake\Network\Response))
#1 {main}


2016-04-20 10:43:04 Warning: Missing configuration file: "config/permissions.php". Using default permissions
2016-04-20 10:43:21 Warning: Missing configuration file: "config/permissions.php". Using default permissions
2016-04-20 10:43:22 Warning: Missing configuration file: "config/permissions.php". Using default permissions
2016-04-20 10:46:08 Warning: Missing configuration file: "config/permissions.php". Using default permissions
2016-04-20 10:46:08 Warning: Missing configuration file: "config/permissions.php". Using default permissions
2016-04-20 10:46:12 Warning: Missing configuration file: "config/permissions.php". Using default permissions
2016-04-20 10:46:14 Warning: Missing configuration file: "config/permissions.php". Using default permissions
2016-04-20 10:46:39 Warning: Missing configuration file: "config/permissions.php". Using default permissions
2016-04-20 10:46:39 Warning: Missing configuration file: "config/permissions.php". Using default permissions
2016-04-20 10:46:43 Warning: Missing configuration file: "config/permissions.php". Using default permissions
2016-04-20 10:48:04 Warning: Missing configuration file: "config/permissions.php". Using default permissions
2016-04-20 10:48:44 Warning: Missing configuration file: "config/permissions.php". Using default permissions
2016-04-20 10:48:44 Warning: Missing configuration file: "config/permissions.php". Using default permissions
2016-04-20 10:48:56 Warning: Missing configuration file: "config/permissions.php". Using default permissions
2016-04-20 10:49:01 Warning: Missing configuration file: "config/permissions.php". Using default permissions
2016-04-20 10:49:01 Warning: Missing configuration file: "config/permissions.php". Using default permissions
2016-04-20 10:49:04 Warning: Missing configuration file: "config/permissions.php". Using default permissions
2016-04-20 10:49:09 Warning: Missing configuration file: "config/permissions.php". Using default permissions
2016-04-20 10:49:10 Warning: Missing configuration file: "config/permissions.php". Using default permissions
2016-04-20 10:49:11 Warning: Missing configuration file: "config/permissions.php". Using default permissions
2016-04-20 10:49:17 Warning: Missing configuration file: "config/permissions.php". Using default permissions
2016-04-20 10:49:18 Warning: Missing configuration file: "config/permissions.php". Using default permissions
2016-04-20 10:49:19 Warning: Missing configuration file: "config/permissions.php". Using default permissions
2016-04-20 10:49:24 Warning: Missing configuration file: "config/permissions.php". Using default permissions
2016-04-20 10:49:24 Warning: Missing configuration file: "config/permissions.php". Using default permissions
2016-04-20 10:49:26 Warning: Missing configuration file: "config/permissions.php". Using default permissions
2016-04-20 10:49:31 Warning: Missing configuration file: "config/permissions.php". Using default permissions
2016-04-20 10:49:31 Warning: Missing configuration file: "config/permissions.php". Using default permissions
2016-04-20 10:49:33 Warning: Missing configuration file: "config/permissions.php". Using default permissions
2016-04-20 10:49:39 Warning: Missing configuration file: "config/permissions.php". Using default permissions
2016-04-20 10:49:39 Warning: Missing configuration file: "config/permissions.php". Using default permissions
2016-04-20 10:49:40 Warning: Missing configuration file: "config/permissions.php". Using default permissions
2016-04-20 10:49:45 Warning: Missing configuration file: "config/permissions.php". Using default permissions
2016-04-20 10:49:45 Warning: Missing configuration file: "config/permissions.php". Using default permissions
2016-04-20 10:49:46 Warning: Missing configuration file: "config/permissions.php". Using default permissions
2016-04-20 10:49:52 Warning: Missing configuration file: "config/permissions.php". Using default permissions
2016-04-20 10:49:52 Warning: Missing configuration file: "config/permissions.php". Using default permissions
2016-04-20 10:49:53 Warning: Missing configuration file: "config/permissions.php". Using default permissions
2016-04-20 10:49:59 Warning: Missing configuration file: "config/permissions.php". Using default permissions
2016-04-20 10:49:59 Warning: Missing configuration file: "config/permissions.php". Using default permissions
2016-04-20 10:50:01 Warning: Missing configuration file: "config/permissions.php". Using default permissions
2016-04-20 10:50:06 Warning: Missing configuration file: "config/permissions.php". Using default permissions
2016-04-20 10:50:06 Warning: Missing configuration file: "config/permissions.php". Using default permissions
2016-04-20 10:50:08 Warning: Missing configuration file: "config/permissions.php". Using default permissions
2016-04-20 10:50:14 Warning: Missing configuration file: "config/permissions.php". Using default permissions
2016-04-20 10:50:14 Warning: Missing configuration file: "config/permissions.php". Using default permissions
2016-04-20 10:54:40 Error: [Cake\Routing\Exception\MissingControllerException] Controller class Img could not be found.
Request URL: /geri/img/
Referer URL: http://danielpenkov.eu/geri/projects
Client IP: 77.68.246.71
Stack Trace:
#0 /var/www/danielpenkov.eu/html/geri/webroot/index.php(36): Cake\Routing\Dispatcher->dispatch(Object(Cake\Network\Request), Object(Cake\Network\Response))
#1 {main}


2016-04-20 16:56:36 Error: [Cake\Routing\Exception\MissingControllerException] Controller class Addmin could not be found.
Request URL: /geri/addmin
Client IP: 77.68.246.71
Stack Trace:
#0 /var/www/danielpenkov.eu/html/geri/webroot/index.php(36): Cake\Routing\Dispatcher->dispatch(Object(Cake\Network\Request), Object(Cake\Network\Response))
#1 {main}


2016-04-20 16:56:36 Error: [Cake\Routing\Exception\MissingControllerException] Controller class Css could not be found.
Request URL: /geri/css/base.css
Referer URL: http://danielpenkov.eu/geri/addmin
Client IP: 77.68.246.71
Stack Trace:
#0 /var/www/danielpenkov.eu/html/geri/webroot/index.php(36): Cake\Routing\Dispatcher->dispatch(Object(Cake\Network\Request), Object(Cake\Network\Response))
#1 {main}


2016-04-20 16:56:36 Error: [Cake\Routing\Exception\MissingControllerException] Controller class Css could not be found.
Request URL: /geri/css/cake.css
Referer URL: http://danielpenkov.eu/geri/addmin
Client IP: 77.68.246.71
Stack Trace:
#0 /var/www/danielpenkov.eu/html/geri/webroot/index.php(36): Cake\Routing\Dispatcher->dispatch(Object(Cake\Network\Request), Object(Cake\Network\Response))
#1 {main}


2016-04-20 18:01:30 Warning: Missing configuration file: "config/permissions.php". Using default permissions
2016-04-20 18:01:33 Warning: Missing configuration file: "config/permissions.php". Using default permissions
2016-04-20 18:01:35 Warning: Missing configuration file: "config/permissions.php". Using default permissions
2016-04-20 19:10:24 Warning: Missing configuration file: "config/permissions.php". Using default permissions
2016-04-20 19:10:28 Warning: Missing configuration file: "config/permissions.php". Using default permissions
2016-04-20 19:10:29 Warning: Missing configuration file: "config/permissions.php". Using default permissions
2016-04-20 19:10:41 Warning: Missing configuration file: "config/permissions.php". Using default permissions
2016-04-20 19:10:41 Warning: Missing configuration file: "config/permissions.php". Using default permissions
2016-04-20 19:10:43 Warning: Missing configuration file: "config/permissions.php". Using default permissions
2016-04-20 19:10:44 Warning: Missing configuration file: "config/permissions.php". Using default permissions
2016-04-20 19:11:02 Warning: Missing configuration file: "config/permissions.php". Using default permissions
2016-04-20 19:11:02 Warning: Missing configuration file: "config/permissions.php". Using default permissions
2016-04-20 19:11:05 Warning: Missing configuration file: "config/permissions.php". Using default permissions
2016-04-20 19:11:11 Warning: Missing configuration file: "config/permissions.php". Using default permissions
2016-04-20 19:11:11 Warning: Missing configuration file: "config/permissions.php". Using default permissions
2016-04-20 19:11:13 Warning: Missing configuration file: "config/permissions.php". Using default permissions
2016-04-20 19:11:20 Warning: Missing configuration file: "config/permissions.php". Using default permissions
2016-04-20 19:11:20 Warning: Missing configuration file: "config/permissions.php". Using default permissions
2016-04-20 19:11:21 Warning: Missing configuration file: "config/permissions.php". Using default permissions
2016-04-20 19:11:29 Warning: Missing configuration file: "config/permissions.php". Using default permissions
2016-04-20 19:11:29 Warning: Missing configuration file: "config/permissions.php". Using default permissions
2016-04-20 19:11:30 Warning: Missing configuration file: "config/permissions.php". Using default permissions
2016-04-20 19:11:37 Warning: Missing configuration file: "config/permissions.php". Using default permissions
2016-04-20 19:11:37 Warning: Missing configuration file: "config/permissions.php". Using default permissions
2016-04-20 19:11:38 Warning: Missing configuration file: "config/permissions.php". Using default permissions
2016-04-20 19:11:43 Warning: Missing configuration file: "config/permissions.php". Using default permissions
2016-04-20 19:11:43 Warning: Missing configuration file: "config/permissions.php". Using default permissions
2016-04-20 19:11:44 Warning: Missing configuration file: "config/permissions.php". Using default permissions
2016-04-20 19:11:51 Warning: Missing configuration file: "config/permissions.php". Using default permissions
2016-04-20 19:11:51 Warning: Missing configuration file: "config/permissions.php". Using default permissions
2016-04-20 19:11:52 Warning: Missing configuration file: "config/permissions.php". Using default permissions
2016-04-20 19:11:58 Warning: Missing configuration file: "config/permissions.php". Using default permissions
2016-04-20 19:11:58 Warning: Missing configuration file: "config/permissions.php". Using default permissions
2016-04-20 19:11:59 Warning: Missing configuration file: "config/permissions.php". Using default permissions
2016-04-20 19:12:16 Warning: Missing configuration file: "config/permissions.php". Using default permissions
2016-04-20 19:12:16 Warning: Missing configuration file: "config/permissions.php". Using default permissions
2016-04-20 19:12:17 Warning: Missing configuration file: "config/permissions.php". Using default permissions
2016-04-20 19:12:23 Warning: Missing configuration file: "config/permissions.php". Using default permissions
2016-04-20 19:12:23 Warning: Missing configuration file: "config/permissions.php". Using default permissions
2016-04-20 19:12:24 Warning: Missing configuration file: "config/permissions.php". Using default permissions
2016-04-20 19:12:30 Warning: Missing configuration file: "config/permissions.php". Using default permissions
2016-04-20 19:12:30 Warning: Missing configuration file: "config/permissions.php". Using default permissions
2016-04-20 19:12:31 Warning: Missing configuration file: "config/permissions.php". Using default permissions
2016-04-20 19:12:37 Warning: Missing configuration file: "config/permissions.php". Using default permissions
2016-04-20 19:12:37 Warning: Missing configuration file: "config/permissions.php". Using default permissions
2016-04-20 19:12:38 Warning: Missing configuration file: "config/permissions.php". Using default permissions
2016-04-20 19:12:44 Warning: Missing configuration file: "config/permissions.php". Using default permissions
2016-04-20 19:12:44 Warning: Missing configuration file: "config/permissions.php". Using default permissions
2016-04-20 19:12:45 Warning: Missing configuration file: "config/permissions.php". Using default permissions
2016-04-20 19:12:51 Warning: Missing configuration file: "config/permissions.php". Using default permissions
2016-04-20 19:12:51 Warning: Missing configuration file: "config/permissions.php". Using default permissions
2016-04-20 19:12:52 Warning: Missing configuration file: "config/permissions.php". Using default permissions
2016-04-20 19:12:59 Warning: Missing configuration file: "config/permissions.php". Using default permissions
2016-04-20 19:13:00 Warning: Missing configuration file: "config/permissions.php". Using default permissions
2016-04-20 19:13:02 Warning: Missing configuration file: "config/permissions.php". Using default permissions
2016-04-20 19:13:10 Warning: Missing configuration file: "config/permissions.php". Using default permissions
2016-04-20 19:13:10 Warning: Missing configuration file: "config/permissions.php". Using default permissions
2016-04-20 19:17:12 Warning: Missing configuration file: "config/permissions.php". Using default permissions
2016-04-20 19:17:13 Warning: Missing configuration file: "config/permissions.php". Using default permissions
2016-04-20 19:17:42 Warning: Missing configuration file: "config/permissions.php". Using default permissions
2016-04-20 19:17:51 Warning: Missing configuration file: "config/permissions.php". Using default permissions
2016-04-20 19:17:55 Warning: Missing configuration file: "config/permissions.php". Using default permissions
2016-04-20 19:17:57 Warning: Missing configuration file: "config/permissions.php". Using default permissions
2016-04-20 19:18:01 Warning: Missing configuration file: "config/permissions.php". Using default permissions
2016-04-20 19:18:01 Warning: Missing configuration file: "config/permissions.php". Using default permissions
2016-04-20 19:18:07 Warning: Missing configuration file: "config/permissions.php". Using default permissions
2016-04-20 19:18:10 Warning: Missing configuration file: "config/permissions.php". Using default permissions
2016-04-20 19:18:11 Warning: Missing configuration file: "config/permissions.php". Using default permissions
2016-04-20 19:18:46 Warning: Missing configuration file: "config/permissions.php". Using default permissions
2016-04-20 19:19:29 Warning: Missing configuration file: "config/permissions.php". Using default permissions
2016-04-20 19:19:29 Warning: Missing configuration file: "config/permissions.php". Using default permissions
2016-04-24 19:40:21 Error: [Cake\Routing\Exception\MissingControllerException] Controller class Img could not be found.
Request URL: /geri/img/
Referer URL: http://danielpenkov.eu/geri/projects
Client IP: 77.68.246.71
Stack Trace:
#0 /var/www/danielpenkov.eu/html/geri/webroot/index.php(36): Cake\Routing\Dispatcher->dispatch(Object(Cake\Network\Request), Object(Cake\Network\Response))
#1 {main}


2016-04-26 17:12:56 Error: [Cake\Routing\Exception\MissingControllerException] Controller class Portraits could not be found.
Request URL: /geri/portraits/1
Client IP: 77.68.246.71
Stack Trace:
#0 /var/www/danielpenkov.eu/html/geri/webroot/index.php(36): Cake\Routing\Dispatcher->dispatch(Object(Cake\Network\Request), Object(Cake\Network\Response))
#1 {main}


2016-04-26 17:12:56 Error: [Cake\Routing\Exception\MissingControllerException] Controller class Css could not be found.
Request URL: /geri/css/base.css
Referer URL: http://danielpenkov.eu/geri/portraits/1
Client IP: 77.68.246.71
Stack Trace:
#0 /var/www/danielpenkov.eu/html/geri/webroot/index.php(36): Cake\Routing\Dispatcher->dispatch(Object(Cake\Network\Request), Object(Cake\Network\Response))
#1 {main}


2016-04-26 17:12:56 Error: [Cake\Routing\Exception\MissingControllerException] Controller class Css could not be found.
Request URL: /geri/css/cake.css
Referer URL: http://danielpenkov.eu/geri/portraits/1
Client IP: 77.68.246.71
Stack Trace:
#0 /var/www/danielpenkov.eu/html/geri/webroot/index.php(36): Cake\Routing\Dispatcher->dispatch(Object(Cake\Network\Request), Object(Cake\Network\Response))
#1 {main}


2016-04-26 17:14:36 Error: [Cake\Routing\Exception\MissingControllerException] Controller class Img could not be found.
Request URL: /geri/img/sessions/cv/alberto/
Referer URL: http://danielpenkov.eu/geri/cv/3
Client IP: 77.68.246.71
Stack Trace:
#0 /var/www/danielpenkov.eu/html/geri/webroot/index.php(36): Cake\Routing\Dispatcher->dispatch(Object(Cake\Network\Request), Object(Cake\Network\Response))
#1 {main}


2016-04-26 17:14:36 Error: [Cake\Routing\Exception\MissingControllerException] Controller class Img could not be found.
Request URL: /geri/img/sessions/cv/alberto/
Referer URL: http://danielpenkov.eu/geri/cv/3
Client IP: 77.68.246.71
Stack Trace:
#0 /var/www/danielpenkov.eu/html/geri/webroot/index.php(36): Cake\Routing\Dispatcher->dispatch(Object(Cake\Network\Request), Object(Cake\Network\Response))
#1 {main}


2016-04-27 07:56:55 Error: [Cake\Routing\Exception\MissingControllerException] Controller class Img could not be found.
Request URL: /geri/img/
Referer URL: http://danielpenkov.eu/geri/projects
Client IP: 77.68.246.71
Stack Trace:
#0 /var/www/danielpenkov.eu/html/geri/webroot/index.php(36): Cake\Routing\Dispatcher->dispatch(Object(Cake\Network\Request), Object(Cake\Network\Response))
#1 {main}


2016-04-27 07:56:55 Error: [Cake\Routing\Exception\MissingControllerException] Controller class Img could not be found.
Request URL: /geri/img/
Referer URL: http://danielpenkov.eu/geri/projects
Client IP: 77.68.246.71
Stack Trace:
#0 /var/www/danielpenkov.eu/html/geri/webroot/index.php(36): Cake\Routing\Dispatcher->dispatch(Object(Cake\Network\Request), Object(Cake\Network\Response))
#1 {main}


2016-04-27 07:56:58 Error: [Cake\Routing\Exception\MissingControllerException] Controller class Img could not be found.
Request URL: /geri/img/
Referer URL: http://danielpenkov.eu/geri/projects
Client IP: 77.68.246.71
Stack Trace:
#0 /var/www/danielpenkov.eu/html/geri/webroot/index.php(36): Cake\Routing\Dispatcher->dispatch(Object(Cake\Network\Request), Object(Cake\Network\Response))
#1 {main}


2016-04-27 07:56:58 Error: [Cake\Routing\Exception\MissingControllerException] Controller class Img could not be found.
Request URL: /geri/img/
Referer URL: http://danielpenkov.eu/geri/projects
Client IP: 77.68.246.71
Stack Trace:
#0 /var/www/danielpenkov.eu/html/geri/webroot/index.php(36): Cake\Routing\Dispatcher->dispatch(Object(Cake\Network\Request), Object(Cake\Network\Response))
#1 {main}


2016-04-27 14:19:32 Warning: Missing configuration file: "config/permissions.php". Using default permissions
2016-04-27 14:19:35 Warning: Missing configuration file: "config/permissions.php". Using default permissions
2016-04-27 14:32:47 Warning: Missing configuration file: "config/permissions.php". Using default permissions
2016-04-27 14:32:59 Warning: Missing configuration file: "config/permissions.php". Using default permissions
2016-04-27 14:32:59 Warning: Missing configuration file: "config/permissions.php". Using default permissions
2016-04-27 14:33:02 Warning: Missing configuration file: "config/permissions.php". Using default permissions
2016-04-27 14:33:03 Warning: Missing configuration file: "config/permissions.php". Using default permissions
2016-04-27 14:33:19 Warning: Missing configuration file: "config/permissions.php". Using default permissions
2016-04-27 14:33:19 Warning: Missing configuration file: "config/permissions.php". Using default permissions
2016-04-27 14:33:22 Warning: Missing configuration file: "config/permissions.php". Using default permissions
2016-04-27 14:33:28 Warning: Missing configuration file: "config/permissions.php". Using default permissions
2016-04-27 14:33:28 Warning: Missing configuration file: "config/permissions.php". Using default permissions
2016-04-27 14:33:29 Warning: Missing configuration file: "config/permissions.php". Using default permissions
2016-04-27 14:33:34 Warning: Missing configuration file: "config/permissions.php". Using default permissions
2016-04-27 14:33:34 Warning: Missing configuration file: "config/permissions.php". Using default permissions
2016-04-27 14:33:35 Warning: Missing configuration file: "config/permissions.php". Using default permissions
2016-04-27 14:33:45 Warning: Missing configuration file: "config/permissions.php". Using default permissions
2016-04-27 14:33:45 Warning: Missing configuration file: "config/permissions.php". Using default permissions
2016-04-27 14:33:46 Warning: Missing configuration file: "config/permissions.php". Using default permissions
2016-04-27 14:33:54 Warning: Missing configuration file: "config/permissions.php". Using default permissions
2016-04-27 14:33:54 Warning: Missing configuration file: "config/permissions.php". Using default permissions
2016-04-27 14:33:55 Warning: Missing configuration file: "config/permissions.php". Using default permissions
2016-04-27 14:34:01 Warning: Missing configuration file: "config/permissions.php". Using default permissions
2016-04-27 14:34:01 Warning: Missing configuration file: "config/permissions.php". Using default permissions
2016-04-27 14:34:02 Warning: Missing configuration file: "config/permissions.php". Using default permissions
2016-04-27 14:34:08 Warning: Missing configuration file: "config/permissions.php". Using default permissions
2016-04-27 14:34:08 Warning: Missing configuration file: "config/permissions.php". Using default permissions
2016-04-27 14:34:09 Warning: Missing configuration file: "config/permissions.php". Using default permissions
2016-04-27 14:34:16 Warning: Missing configuration file: "config/permissions.php". Using default permissions
2016-04-27 14:34:16 Warning: Missing configuration file: "config/permissions.php". Using default permissions
2016-04-27 14:34:17 Warning: Missing configuration file: "config/permissions.php". Using default permissions
2016-04-27 14:34:23 Warning: Missing configuration file: "config/permissions.php". Using default permissions
2016-04-27 14:34:23 Warning: Missing configuration file: "config/permissions.php". Using default permissions
2016-04-27 14:34:24 Warning: Missing configuration file: "config/permissions.php". Using default permissions
2016-04-27 14:34:30 Warning: Missing configuration file: "config/permissions.php". Using default permissions
2016-04-27 14:34:30 Warning: Missing configuration file: "config/permissions.php". Using default permissions
2016-04-27 14:34:31 Warning: Missing configuration file: "config/permissions.php". Using default permissions
2016-04-27 14:34:36 Warning: Missing configuration file: "config/permissions.php". Using default permissions
2016-04-27 14:34:36 Warning: Missing configuration file: "config/permissions.php". Using default permissions
2016-04-27 14:34:37 Warning: Missing configuration file: "config/permissions.php". Using default permissions
2016-04-27 14:35:09 Warning: Missing configuration file: "config/permissions.php". Using default permissions
2016-04-27 14:35:09 Warning: Missing configuration file: "config/permissions.php". Using default permissions
2016-04-27 14:35:10 Warning: Missing configuration file: "config/permissions.php". Using default permissions
2016-04-27 14:35:16 Warning: Missing configuration file: "config/permissions.php". Using default permissions
2016-04-27 14:35:16 Warning: Missing configuration file: "config/permissions.php". Using default permissions
2016-04-27 14:35:17 Warning: Missing configuration file: "config/permissions.php". Using default permissions
2016-04-27 14:35:21 Warning: Missing configuration file: "config/permissions.php". Using default permissions
2016-04-27 14:35:21 Warning: Missing configuration file: "config/permissions.php". Using default permissions
2016-04-27 14:35:22 Warning: Missing configuration file: "config/permissions.php". Using default permissions
2016-04-27 14:35:28 Warning: Missing configuration file: "config/permissions.php". Using default permissions
2016-04-27 14:35:28 Warning: Missing configuration file: "config/permissions.php". Using default permissions
2016-04-27 14:35:29 Warning: Missing configuration file: "config/permissions.php". Using default permissions
2016-04-27 14:35:35 Warning: Missing configuration file: "config/permissions.php". Using default permissions
2016-04-27 14:35:35 Warning: Missing configuration file: "config/permissions.php". Using default permissions
2016-04-27 14:35:36 Warning: Missing configuration file: "config/permissions.php". Using default permissions
2016-04-27 14:35:42 Warning: Missing configuration file: "config/permissions.php". Using default permissions
2016-04-27 14:36:58 Warning: Missing configuration file: "config/permissions.php". Using default permissions
2016-04-27 14:37:09 Warning: Missing configuration file: "config/permissions.php". Using default permissions
2016-04-27 14:37:09 Warning: Missing configuration file: "config/permissions.php". Using default permissions
2016-04-27 14:37:11 Warning: Missing configuration file: "config/permissions.php". Using default permissions
2016-04-27 14:37:12 Warning: Missing configuration file: "config/permissions.php". Using default permissions
2016-04-27 14:37:24 Warning: Missing configuration file: "config/permissions.php". Using default permissions
2016-04-27 14:37:24 Warning: Missing configuration file: "config/permissions.php". Using default permissions
2016-04-27 14:37:25 Warning: Missing configuration file: "config/permissions.php". Using default permissions
2016-04-27 14:37:30 Warning: Missing configuration file: "config/permissions.php". Using default permissions
2016-04-27 14:37:30 Warning: Missing configuration file: "config/permissions.php". Using default permissions
2016-04-27 14:37:31 Warning: Missing configuration file: "config/permissions.php". Using default permissions
2016-04-27 14:37:38 Warning: Missing configuration file: "config/permissions.php". Using default permissions
2016-04-27 14:37:38 Warning: Missing configuration file: "config/permissions.php". Using default permissions
2016-04-27 14:37:39 Warning: Missing configuration file: "config/permissions.php". Using default permissions
2016-04-27 14:37:44 Warning: Missing configuration file: "config/permissions.php". Using default permissions
2016-04-27 14:37:44 Warning: Missing configuration file: "config/permissions.php". Using default permissions
2016-04-27 14:37:45 Warning: Missing configuration file: "config/permissions.php". Using default permissions
2016-04-27 14:37:51 Warning: Missing configuration file: "config/permissions.php". Using default permissions
2016-04-27 14:37:51 Warning: Missing configuration file: "config/permissions.php". Using default permissions
2016-04-27 14:37:52 Warning: Missing configuration file: "config/permissions.php". Using default permissions
2016-04-27 14:38:40 Warning: Missing configuration file: "config/permissions.php". Using default permissions
2016-04-27 14:38:40 Warning: Missing configuration file: "config/permissions.php". Using default permissions
2016-04-27 14:38:41 Warning: Missing configuration file: "config/permissions.php". Using default permissions
2016-04-27 14:38:46 Warning: Missing configuration file: "config/permissions.php". Using default permissions
2016-04-27 14:38:46 Warning: Missing configuration file: "config/permissions.php". Using default permissions
2016-04-27 14:38:47 Warning: Missing configuration file: "config/permissions.php". Using default permissions
2016-04-27 14:38:53 Warning: Missing configuration file: "config/permissions.php". Using default permissions
2016-04-27 14:38:53 Warning: Missing configuration file: "config/permissions.php". Using default permissions
2016-04-27 14:38:54 Warning: Missing configuration file: "config/permissions.php". Using default permissions
2016-04-27 14:39:36 Warning: Missing configuration file: "config/permissions.php". Using default permissions
2016-04-27 14:39:36 Warning: Missing configuration file: "config/permissions.php". Using default permissions
2016-04-27 14:39:37 Warning: Missing configuration file: "config/permissions.php". Using default permissions
2016-04-27 14:39:42 Warning: Missing configuration file: "config/permissions.php". Using default permissions
2016-04-27 14:39:42 Warning: Missing configuration file: "config/permissions.php". Using default permissions
2016-04-27 14:39:43 Warning: Missing configuration file: "config/permissions.php". Using default permissions
2016-04-27 14:39:47 Warning: Missing configuration file: "config/permissions.php". Using default permissions
2016-04-27 14:39:47 Warning: Missing configuration file: "config/permissions.php". Using default permissions
2016-04-27 14:39:48 Warning: Missing configuration file: "config/permissions.php". Using default permissions
2016-04-27 14:39:52 Warning: Missing configuration file: "config/permissions.php". Using default permissions
2016-04-27 14:39:52 Warning: Missing configuration file: "config/permissions.php". Using default permissions
2016-04-27 14:39:54 Warning: Missing configuration file: "config/permissions.php". Using default permissions
2016-04-27 14:40:00 Warning: Missing configuration file: "config/permissions.php". Using default permissions
2016-04-27 14:40:00 Warning: Missing configuration file: "config/permissions.php". Using default permissions
2016-04-27 14:40:02 Warning: Missing configuration file: "config/permissions.php". Using default permissions
2016-04-27 14:40:14 Warning: Missing configuration file: "config/permissions.php". Using default permissions
2016-04-27 14:40:14 Warning: Missing configuration file: "config/permissions.php". Using default permissions
2016-04-27 14:40:15 Warning: Missing configuration file: "config/permissions.php". Using default permissions
2016-04-27 14:40:19 Warning: Missing configuration file: "config/permissions.php". Using default permissions
2016-04-27 14:40:19 Warning: Missing configuration file: "config/permissions.php". Using default permissions
2016-04-27 14:40:20 Warning: Missing configuration file: "config/permissions.php". Using default permissions
2016-04-27 14:40:25 Warning: Missing configuration file: "config/permissions.php". Using default permissions
2016-04-27 14:40:25 Warning: Missing configuration file: "config/permissions.php". Using default permissions
2016-04-27 14:40:26 Warning: Missing configuration file: "config/permissions.php". Using default permissions
2016-04-27 14:40:32 Warning: Missing configuration file: "config/permissions.php". Using default permissions
2016-04-27 14:40:32 Warning: Missing configuration file: "config/permissions.php". Using default permissions
2016-04-27 14:40:33 Warning: Missing configuration file: "config/permissions.php". Using default permissions
2016-04-27 14:40:38 Warning: Missing configuration file: "config/permissions.php". Using default permissions
2016-04-27 14:40:38 Warning: Missing configuration file: "config/permissions.php". Using default permissions
2016-04-27 16:24:48 Error: [Cake\Routing\Exception\MissingControllerException] Controller class Img could not be found.
Request URL: /geri/img/
Referer URL: http://danielpenkov.eu/geri/projects
Client IP: 77.68.246.71
Stack Trace:
#0 /var/www/danielpenkov.eu/html/geri/webroot/index.php(36): Cake\Routing\Dispatcher->dispatch(Object(Cake\Network\Request), Object(Cake\Network\Response))
#1 {main}


2016-04-27 16:24:48 Error: [Cake\Routing\Exception\MissingControllerException] Controller class Img could not be found.
Request URL: /geri/img/
Referer URL: http://danielpenkov.eu/geri/projects
Client IP: 77.68.246.71
Stack Trace:
#0 /var/www/danielpenkov.eu/html/geri/webroot/index.php(36): Cake\Routing\Dispatcher->dispatch(Object(Cake\Network\Request), Object(Cake\Network\Response))
#1 {main}


2016-04-27 17:18:15 Error: [Cake\Routing\Exception\MissingControllerException] Controller class Img could not be found.
Request URL: /geri/img/
Referer URL: http://danielpenkov.eu/geri/projects
Client IP: 77.68.246.71
Stack Trace:
#0 /var/www/danielpenkov.eu/html/geri/webroot/index.php(36): Cake\Routing\Dispatcher->dispatch(Object(Cake\Network\Request), Object(Cake\Network\Response))
#1 {main}


2016-04-27 17:18:15 Error: [Cake\Routing\Exception\MissingControllerException] Controller class Img could not be found.
Request URL: /geri/img/
Referer URL: http://danielpenkov.eu/geri/projects
Client IP: 77.68.246.71
Stack Trace:
#0 /var/www/danielpenkov.eu/html/geri/webroot/index.php(36): Cake\Routing\Dispatcher->dispatch(Object(Cake\Network\Request), Object(Cake\Network\Response))
#1 {main}


2016-04-28 08:47:19 Error: [Cake\Routing\Exception\MissingControllerException] Controller class Img could not be found.
Request URL: /geri/img/
Referer URL: http://danielpenkov.eu/geri/projects
Client IP: 77.68.246.71
Stack Trace:
#0 /var/www/danielpenkov.eu/html/geri/webroot/index.php(36): Cake\Routing\Dispatcher->dispatch(Object(Cake\Network\Request), Object(Cake\Network\Response))
#1 {main}


2016-04-28 08:47:19 Error: [Cake\Routing\Exception\MissingControllerException] Controller class Img could not be found.
Request URL: /geri/img/
Referer URL: http://danielpenkov.eu/geri/projects
Client IP: 77.68.246.71
Stack Trace:
#0 /var/www/danielpenkov.eu/html/geri/webroot/index.php(36): Cake\Routing\Dispatcher->dispatch(Object(Cake\Network\Request), Object(Cake\Network\Response))
#1 {main}


2016-04-28 20:56:19 Warning: Missing configuration file: "config/permissions.php". Using default permissions
2016-04-28 20:56:22 Warning: Missing configuration file: "config/permissions.php". Using default permissions
2016-04-28 20:56:24 Warning: Missing configuration file: "config/permissions.php". Using default permissions
2016-04-28 20:56:38 Warning: Missing configuration file: "config/permissions.php". Using default permissions
2016-04-28 20:56:38 Warning: Missing configuration file: "config/permissions.php". Using default permissions
2016-04-28 20:56:40 Warning: Missing configuration file: "config/permissions.php". Using default permissions
2016-04-28 20:56:41 Warning: Missing configuration file: "config/permissions.php". Using default permissions
2016-04-28 20:56:54 Warning: Missing configuration file: "config/permissions.php". Using default permissions
2016-04-28 20:56:54 Warning: Missing configuration file: "config/permissions.php". Using default permissions
2016-04-28 20:56:55 Warning: Missing configuration file: "config/permissions.php". Using default permissions
2016-04-28 20:57:04 Warning: Missing configuration file: "config/permissions.php". Using default permissions
2016-04-28 20:57:04 Warning: Missing configuration file: "config/permissions.php". Using default permissions
2016-04-28 20:57:06 Warning: Missing configuration file: "config/permissions.php". Using default permissions
2016-04-28 20:57:11 Warning: Missing configuration file: "config/permissions.php". Using default permissions
2016-04-28 20:57:11 Warning: Missing configuration file: "config/permissions.php". Using default permissions
2016-04-28 20:57:12 Warning: Missing configuration file: "config/permissions.php". Using default permissions
2016-04-28 20:57:16 Warning: Missing configuration file: "config/permissions.php". Using default permissions
2016-04-28 20:57:16 Warning: Missing configuration file: "config/permissions.php". Using default permissions
2016-04-28 20:57:17 Warning: Missing configuration file: "config/permissions.php". Using default permissions
2016-04-28 20:57:22 Warning: Missing configuration file: "config/permissions.php". Using default permissions
2016-04-28 20:57:22 Warning: Missing configuration file: "config/permissions.php". Using default permissions
2016-04-28 20:57:23 Warning: Missing configuration file: "config/permissions.php". Using default permissions
2016-04-28 20:57:29 Warning: Missing configuration file: "config/permissions.php". Using default permissions
2016-04-28 20:57:29 Warning: Missing configuration file: "config/permissions.php". Using default permissions
2016-04-28 20:57:30 Warning: Missing configuration file: "config/permissions.php". Using default permissions
2016-04-28 20:57:35 Warning: Missing configuration file: "config/permissions.php". Using default permissions
2016-04-28 20:57:35 Warning: Missing configuration file: "config/permissions.php". Using default permissions
2016-04-28 20:57:36 Warning: Missing configuration file: "config/permissions.php". Using default permissions
2016-04-28 20:57:44 Warning: Missing configuration file: "config/permissions.php". Using default permissions
2016-04-28 20:57:44 Warning: Missing configuration file: "config/permissions.php". Using default permissions
2016-04-28 20:57:45 Warning: Missing configuration file: "config/permissions.php". Using default permissions
2016-04-28 20:58:01 Warning: Missing configuration file: "config/permissions.php". Using default permissions
2016-04-28 20:58:01 Warning: Missing configuration file: "config/permissions.php". Using default permissions
2016-04-28 20:58:02 Warning: Missing configuration file: "config/permissions.php". Using default permissions
2016-04-28 20:58:07 Warning: Missing configuration file: "config/permissions.php". Using default permissions
2016-04-28 20:58:07 Warning: Missing configuration file: "config/permissions.php". Using default permissions
2016-04-28 20:58:08 Warning: Missing configuration file: "config/permissions.php". Using default permissions
2016-04-28 20:58:14 Warning: Missing configuration file: "config/permissions.php". Using default permissions
2016-04-28 20:58:14 Warning: Missing configuration file: "config/permissions.php". Using default permissions
2016-04-28 20:58:15 Warning: Missing configuration file: "config/permissions.php". Using default permissions
2016-04-28 20:58:19 Warning: Missing configuration file: "config/permissions.php". Using default permissions
2016-04-28 20:58:19 Warning: Missing configuration file: "config/permissions.php". Using default permissions
2016-04-28 20:58:20 Warning: Missing configuration file: "config/permissions.php". Using default permissions
2016-04-28 20:58:25 Warning: Missing configuration file: "config/permissions.php". Using default permissions
2016-04-28 20:58:25 Warning: Missing configuration file: "config/permissions.php". Using default permissions
2016-04-28 20:58:26 Warning: Missing configuration file: "config/permissions.php". Using default permissions
2016-04-28 20:58:30 Warning: Missing configuration file: "config/permissions.php". Using default permissions
2016-04-28 20:58:30 Warning: Missing configuration file: "config/permissions.php". Using default permissions
2016-04-28 20:58:31 Warning: Missing configuration file: "config/permissions.php". Using default permissions
2016-04-28 20:58:36 Warning: Missing configuration file: "config/permissions.php". Using default permissions
2016-04-28 20:58:36 Warning: Missing configuration file: "config/permissions.php". Using default permissions
2016-04-28 20:58:37 Warning: Missing configuration file: "config/permissions.php". Using default permissions
2016-04-28 20:58:41 Warning: Missing configuration file: "config/permissions.php". Using default permissions
2016-04-28 20:58:41 Warning: Missing configuration file: "config/permissions.php". Using default permissions
2016-04-28 21:01:08 Warning: Missing configuration file: "config/permissions.php". Using default permissions
2016-04-28 21:01:10 Warning: Missing configuration file: "config/permissions.php". Using default permissions
2016-04-28 21:01:11 Warning: Missing configuration file: "config/permissions.php". Using default permissions
2016-04-28 21:01:12 Warning: Missing configuration file: "config/permissions.php". Using default permissions
2016-04-28 21:01:14 Warning: Missing configuration file: "config/permissions.php". Using default permissions
2016-04-28 21:01:29 Warning: Missing configuration file: "config/permissions.php". Using default permissions
2016-04-28 21:01:29 Warning: Missing configuration file: "config/permissions.php". Using default permissions
2016-04-28 21:01:43 Warning: Missing configuration file: "config/permissions.php". Using default permissions
2016-04-30 08:45:58 Error: [Cake\Routing\Exception\MissingControllerException] Controller class Img could not be found.
Request URL: /geri/img/
Referer URL: http://danielpenkov.eu/geri/projects
Client IP: 77.68.246.71
Stack Trace:
#0 /var/www/danielpenkov.eu/html/geri/webroot/index.php(36): Cake\Routing\Dispatcher->dispatch(Object(Cake\Network\Request), Object(Cake\Network\Response))
#1 {main}


2016-04-30 08:45:58 Error: [Cake\Routing\Exception\MissingControllerException] Controller class Img could not be found.
Request URL: /geri/img/
Referer URL: http://danielpenkov.eu/geri/projects
Client IP: 77.68.246.71
Stack Trace:
#0 /var/www/danielpenkov.eu/html/geri/webroot/index.php(36): Cake\Routing\Dispatcher->dispatch(Object(Cake\Network\Request), Object(Cake\Network\Response))
#1 {main}


